::1 - - [15/Jun/2024:10:49:02 +0000] "POST /products HTTP/1.1" 200 40 "-" "PostmanRuntime/7.39.0"
::1 - - [15/Jun/2024:10:49:20 +0000] "POST /products HTTP/1.1" 200 40 "-" "PostmanRuntime/7.39.0"
::1 - - [15/Jun/2024:11:14:33 +0000] "GET /getdata HTTP/1.1" 200 7891 "-" "PostmanRuntime/7.39.0"
::1 - - [15/Jun/2024:11:15:14 +0000] "GET /getdata HTTP/1.1" 200 7891 "-" "PostmanRuntime/7.39.0"
::1 - - [15/Jun/2024:12:41:05 +0000] "GET /getdata HTTP/1.1" 404 33 "-" "PostmanRuntime/7.39.0"
::1 - - [15/Jun/2024:12:42:46 +0000] "GET /getdata HTTP/1.1" 404 33 "-" "PostmanRuntime/7.39.0"
::1 - - [15/Jun/2024:12:43:41 +0000] "GET /getdata HTTP/1.1" 200 7891 "-" "PostmanRuntime/7.39.0"
::1 - - [15/Jun/2024:13:00:41 +0000] "POST /addproducts HTTP/1.1" 200 40 "-" "PostmanRuntime/7.39.0"
::1 - - [15/Jun/2024:13:00:44 +0000] "POST /addproducts HTTP/1.1" 500 329 "-" "PostmanRuntime/7.39.0"
::1 - - [15/Jun/2024:13:00:59 +0000] "POST /addproducts HTTP/1.1" 200 40 "-" "PostmanRuntime/7.39.0"
::1 - - [15/Jun/2024:13:01:08 +0000] "POST /addproducts HTTP/1.1" 400 32 "-" "PostmanRuntime/7.39.0"
::1 - - [15/Jun/2024:13:01:12 +0000] "POST /addproducts HTTP/1.1" 200 40 "-" "PostmanRuntime/7.39.0"
::1 - - [17/Jun/2024:04:22:01 +0000] "GET /getdata HTTP/1.1" - - "-" "PostmanRuntime/7.39.0"
::1 - - [17/Jun/2024:04:22:12 +0000] "POST /loginuser HTTP/1.1" 200 288 "-" "PostmanRuntime/7.39.0"
::1 - - [17/Jun/2024:04:22:15 +0000] "GET /getdata HTTP/1.1" 404 33 "-" "PostmanRuntime/7.39.0"
::1 - - [17/Jun/2024:04:23:13 +0000] "GET /getdata HTTP/1.1" 404 33 "-" "PostmanRuntime/7.39.0"
::1 - - [17/Jun/2024:04:24:08 +0000] "GET /getdata HTTP/1.1" 404 33 "-" "PostmanRuntime/7.39.0"
::1 - - [17/Jun/2024:04:24:10 +0000] "GET /getdata HTTP/1.1" 404 33 "-" "PostmanRuntime/7.39.0"
::1 - - [17/Jun/2024:04:24:35 +0000] "GET /getdata HTTP/1.1" 404 33 "-" "PostmanRuntime/7.39.0"
::1 - - [17/Jun/2024:04:24:49 +0000] "GET /getdata HTTP/1.1" 404 33 "-" "PostmanRuntime/7.39.0"
::1 - - [17/Jun/2024:04:25:18 +0000] "GET /getdata HTTP/1.1" 404 33 "-" "PostmanRuntime/7.39.0"
::1 - - [17/Jun/2024:04:26:51 +0000] "GET /getdata HTTP/1.1" 404 33 "-" "PostmanRuntime/7.39.0"
::1 - - [17/Jun/2024:04:28:30 +0000] "GET /getdata HTTP/1.1" 404 33 "-" "PostmanRuntime/7.39.0"
::1 - - [17/Jun/2024:04:29:51 +0000] "GET /getdata HTTP/1.1" 200 8884 "-" "PostmanRuntime/7.39.0"
::1 - - [17/Jun/2024:04:42:38 +0000] "GET /getdata HTTP/1.1" - - "-" "PostmanRuntime/7.39.0"
::1 - - [17/Jun/2024:07:29:51 +0000] "GET /getdata HTTP/1.1" 200 8884 "-" "PostmanRuntime/7.39.0"
::1 - - [19/Jun/2024:06:40:47 +0000] "GET /getdata HTTP/1.1" 200 8884 "-" "PostmanRuntime/7.39.0"
::1 - - [19/Jun/2024:07:00:41 +0000] "GET /getdata HTTP/1.1" 200 16 "-" "PostmanRuntime/7.39.0"
::1 - - [19/Jun/2024:07:00:46 +0000] "POST /loginuser HTTP/1.1" 200 288 "-" "PostmanRuntime/7.39.0"
::1 - - [19/Jun/2024:07:00:51 +0000] "GET /getdata HTTP/1.1" 404 33 "-" "PostmanRuntime/7.39.0"
::1 - - [19/Jun/2024:07:03:57 +0000] "GET /auth HTTP/1.1" 200 25 "-" "PostmanRuntime/7.39.0"
::1 - - [19/Jun/2024:07:05:15 +0000] "GET /auth HTTP/1.1" 200 25 "-" "PostmanRuntime/7.39.0"
::1 - - [19/Jun/2024:09:21:07 +0000] "GET /auth HTTP/1.1" - - "-" "PostmanRuntime/7.39.0"
::1 - - [19/Jun/2024:09:21:09 +0000] "GET /getdata HTTP/1.1" 200 886 "-" "PostmanRuntime/7.39.0"
::1 - - [19/Jun/2024:09:31:38 +0000] "GET /getdata HTTP/1.1" 200 886 "-" "PostmanRuntime/7.39.0"
::1 - - [19/Jun/2024:09:43:09 +0000] "GET /getdata HTTP/1.1" 200 7630417 "-" "PostmanRuntime/7.39.0"
::1 - - [19/Jun/2024:09:45:46 +0000] "GET /getdata HTTP/1.1" 200 41463 "-" "PostmanRuntime/7.39.0"
::1 - - [19/Jun/2024:11:04:38 +0000] "GET /getdata HTTP/1.1" 200 19 "-" "PostmanRuntime/7.39.0"
::1 - - [19/Jun/2024:11:29:31 +0000] "GET /getdata HTTP/1.1" 200 19 "-" "PostmanRuntime/7.39.0"
::1 - - [19/Jun/2024:11:30:16 +0000] "GET /getdata HTTP/1.1" 200 19 "-" "PostmanRuntime/7.39.0"
::1 - - [19/Jun/2024:11:31:22 +0000] "GET /getdata HTTP/1.1" 200 19 "-" "PostmanRuntime/7.39.0"
::1 - - [19/Jun/2024:11:31:29 +0000] "GET /getdata HTTP/1.1" 200 19 "-" "PostmanRuntime/7.39.0"
::1 - - [19/Jun/2024:11:31:40 +0000] "GET /getdata HTTP/1.1" 200 19 "-" "PostmanRuntime/7.39.0"
::1 - - [19/Jun/2024:12:56:19 +0000] "GET /getDeathCertificates HTTP/1.1" 200 2 "-" "PostmanRuntime/7.39.0"
::1 - - [19/Jun/2024:12:57:37 +0000] "GET /getDeathCertificates HTTP/1.1" 200 2 "-" "PostmanRuntime/7.39.0"
::1 - - [19/Jun/2024:12:58:05 +0000] "GET /getDeathCertificates HTTP/1.1" 200 2 "-" "PostmanRuntime/7.39.0"
::1 - - [19/Jun/2024:13:07:46 +0000] "GET /getDeathCertificates HTTP/1.1" 200 32 "-" "PostmanRuntime/7.39.0"
::1 - - [19/Jun/2024:13:16:52 +0000] "GET /getdata HTTP/1.1" 200 19 "-" "PostmanRuntime/7.39.0"
::1 - - [19/Jun/2024:13:17:20 +0000] "GET /getdata HTTP/1.1" 105 - "-" "PostmanRuntime/7.39.0"
::1 - - [19/Jun/2024:13:17:31 +0000] "GET /getdata HTTP/1.1" 105 - "-" "PostmanRuntime/7.39.0"
::1 - - [19/Jun/2024:13:18:02 +0000] "GET /getdata HTTP/1.1" 105 - "-" "PostmanRuntime/7.39.0"
::1 - - [19/Jun/2024:13:18:12 +0000] "GET /getdata HTTP/1.1" 105 - "-" "PostmanRuntime/7.39.0"
::1 - - [19/Jun/2024:13:18:51 +0000] "GET /getdata HTTP/1.1" 200 2 "-" "PostmanRuntime/7.39.0"
::1 - - [19/Jun/2024:13:19:03 +0000] "GET /getdata HTTP/1.1" 200 2 "-" "PostmanRuntime/7.39.0"
::1 - - [19/Jun/2024:13:29:33 +0000] "GET /getDeathCertificates HTTP/1.1" 404 33 "-" "PostmanRuntime/7.39.0"
::1 - - [19/Jun/2024:13:29:38 +0000] "GET /getDeathCertificates HTTP/1.1" 404 33 "-" "PostmanRuntime/7.39.0"
::1 - - [19/Jun/2024:13:44:00 +0000] "GET /getdata HTTP/1.1" 200 2 "-" "PostmanRuntime/7.39.0"
::1 - - [19/Jun/2024:13:46:00 +0000] "GET /getdata HTTP/1.1" 200 2 "-" "PostmanRuntime/7.39.0"
::1 - - [19/Jun/2024:13:49:44 +0000] "GET /getdata HTTP/1.1" 200 2 "-" "PostmanRuntime/7.39.0"
::1 - - [19/Jun/2024:13:49:48 +0000] "GET /getdata HTTP/1.1" 200 2 "-" "PostmanRuntime/7.39.0"
::1 - - [19/Jun/2024:13:49:49 +0000] "GET /getdata HTTP/1.1" 200 2 "-" "PostmanRuntime/7.39.0"
::1 - - [19/Jun/2024:13:58:16 +0000] "POST /loginuser HTTP/1.1" 500 21 "-" "PostmanRuntime/7.39.0"
::1 - - [20/Jun/2024:08:59:39 +0000] "POST /clinic-patient-death-report HTTP/1.1" 400 16 "-" "PostmanRuntime/7.39.0"
::1 - - [20/Jun/2024:08:59:54 +0000] "POST /clinic-patient-death-report HTTP/1.1" 400 154 "-" "PostmanRuntime/7.39.0"
::1 - - [20/Jun/2024:09:01:02 +0000] "POST /clinic-patient-death-report HTTP/1.1" 500 33 "-" "PostmanRuntime/7.39.0"
::1 - - [20/Jun/2024:09:12:22 +0000] "POST /clinic-patient-death-report HTTP/1.1" 500 33 "-" "PostmanRuntime/7.39.0"
::1 - - [20/Jun/2024:09:15:47 +0000] "POST /clinic-patient-death-report HTTP/1.1" 500 33 "-" "PostmanRuntime/7.39.0"
::1 - - [20/Jun/2024:09:15:48 +0000] "POST /clinic-patient-death-report HTTP/1.1" 500 33 "-" "PostmanRuntime/7.39.0"
::1 - - [20/Jun/2024:09:16:07 +0000] "POST /clinic-patient-death-report HTTP/1.1" 500 33 "-" "PostmanRuntime/7.39.0"
::1 - - [20/Jun/2024:09:20:19 +0000] "POST /clinic-patient-death-report HTTP/1.1" 500 33 "-" "PostmanRuntime/7.39.0"
::1 - - [20/Jun/2024:09:24:14 +0000] "POST /clinic-patient-death-report HTTP/1.1" 500 33 "-" "PostmanRuntime/7.39.0"
::1 - - [20/Jun/2024:09:24:19 +0000] "POST /clinic-patient-death-report HTTP/1.1" 500 33 "-" "PostmanRuntime/7.39.0"
::1 - - [20/Jun/2024:10:43:44 +0000] "POST /clinic-patient-death-report HTTP/1.1" 500 33 "-" "PostmanRuntime/7.39.0"
::1 - - [20/Jun/2024:10:52:03 +0000] "POST /clinic-patient-death-report HTTP/1.1" 500 33 "-" "PostmanRuntime/7.39.0"
::1 - - [20/Jun/2024:10:59:55 +0000] "POST /clinic-patient-death-report HTTP/1.1" 500 33 "-" "PostmanRuntime/7.39.0"
::1 - - [20/Jun/2024:11:00:36 +0000] "POST /clinic-patient-death-report HTTP/1.1" 500 33 "-" "PostmanRuntime/7.39.0"
::1 - - [20/Jun/2024:11:02:14 +0000] "POST /clinic-patient-death-report HTTP/1.1" 500 33 "-" "PostmanRuntime/7.39.0"
::1 - - [20/Jun/2024:11:16:49 +0000] "GET /testingapis HTTP/1.1" - - "-" "PostmanRuntime/7.39.0"
::1 - - [20/Jun/2024:11:20:57 +0000] "GET /testingapis HTTP/1.1" 500 33 "-" "PostmanRuntime/7.39.0"
::1 - - [20/Jun/2024:11:55:28 +0000] "GET /testingapis HTTP/1.1" 500 33 "-" "PostmanRuntime/7.39.0"
::1 - - [20/Jun/2024:12:07:13 +0000] "GET /testingapis HTTP/1.1" 500 33 "-" "PostmanRuntime/7.39.0"
::1 - - [21/Jun/2024:04:51:46 +0000] "GET /testingapis HTTP/1.1" 500 33 "-" "PostmanRuntime/7.39.0"
::1 - - [21/Jun/2024:04:52:14 +0000] "GET /testingapis HTTP/1.1" 500 33 "-" "PostmanRuntime/7.39.0"
::1 - - [21/Jun/2024:04:53:39 +0000] "GET /testingapis HTTP/1.1" 500 33 "-" "PostmanRuntime/7.39.0"
::1 - - [21/Jun/2024:04:53:53 +0000] "GET /testingapis HTTP/1.1" 500 33 "-" "PostmanRuntime/7.39.0"
::1 - - [21/Jun/2024:04:54:21 +0000] "GET /testingapis HTTP/1.1" 500 33 "-" "PostmanRuntime/7.39.0"
::1 - - [21/Jun/2024:04:55:11 +0000] "GET /testingapis HTTP/1.1" 500 33 "-" "PostmanRuntime/7.39.0"
::1 - - [21/Jun/2024:05:01:20 +0000] "GET /testingapis HTTP/1.1" 500 33 "-" "PostmanRuntime/7.39.0"
::1 - - [21/Jun/2024:05:01:40 +0000] "GET /testingapis HTTP/1.1" 500 33 "-" "PostmanRuntime/7.39.0"
::1 - - [21/Jun/2024:05:01:56 +0000] "GET /testingapis HTTP/1.1" 500 33 "-" "PostmanRuntime/7.39.0"
::1 - - [21/Jun/2024:05:08:20 +0000] "GET /testingapis HTTP/1.1" 500 33 "-" "PostmanRuntime/7.39.0"
::1 - - [21/Jun/2024:05:11:09 +0000] "GET /testingapis HTTP/1.1" 500 33 "-" "PostmanRuntime/7.39.0"
::1 - - [21/Jun/2024:05:11:27 +0000] "GET /testingapis HTTP/1.1" 500 33 "-" "PostmanRuntime/7.39.0"
::1 - - [21/Jun/2024:05:12:08 +0000] "GET /testingapis HTTP/1.1" 500 33 "-" "PostmanRuntime/7.39.0"
::1 - - [21/Jun/2024:05:12:43 +0000] "GET /testingapis HTTP/1.1" 500 33 "-" "PostmanRuntime/7.39.0"
::1 - - [21/Jun/2024:05:13:21 +0000] "GET /testingapis HTTP/1.1" 500 33 "-" "PostmanRuntime/7.39.0"
::1 - - [21/Jun/2024:05:16:10 +0000] "GET /testingapis HTTP/1.1" 500 33 "-" "PostmanRuntime/7.39.0"
::1 - - [21/Jun/2024:05:16:41 +0000] "GET /testingapis HTTP/1.1" 500 33 "-" "PostmanRuntime/7.39.0"
::1 - - [21/Jun/2024:05:18:26 +0000] "GET /testingapis HTTP/1.1" 500 33 "-" "PostmanRuntime/7.39.0"
::1 - - [21/Jun/2024:05:19:00 +0000] "GET /testingapis HTTP/1.1" 500 33 "-" "PostmanRuntime/7.39.0"
::1 - - [21/Jun/2024:05:19:55 +0000] "GET /testingapis HTTP/1.1" 500 33 "-" "PostmanRuntime/7.39.0"
::1 - - [21/Jun/2024:06:28:32 +0000] "GET /testingapis/8079390724849314 HTTP/1.1" 404 33 "-" "PostmanRuntime/7.39.0"
::1 - - [21/Jun/2024:06:28:54 +0000] "GET /testingapis/8079390724849314 HTTP/1.1" 404 33 "-" "PostmanRuntime/7.39.0"
::1 - - [21/Jun/2024:06:28:59 +0000] "GET /testingapis/8079390724849314 HTTP/1.1" 404 33 "-" "PostmanRuntime/7.39.0"
::1 - - [21/Jun/2024:06:29:15 +0000] "GET /testingapis/8079390724849314 HTTP/1.1" 500 33 "-" "PostmanRuntime/7.39.0"
::1 - - [21/Jun/2024:06:30:09 +0000] "GET /testingapis/8079390724849314 HTTP/1.1" 500 33 "-" "PostmanRuntime/7.39.0"
::1 - - [21/Jun/2024:06:30:52 +0000] "GET /testingapis/8079390724849314 HTTP/1.1" 500 33 "-" "PostmanRuntime/7.39.0"
::1 - - [21/Jun/2024:06:31:08 +0000] "GET /testingapis/8079390724849314 HTTP/1.1" 500 33 "-" "PostmanRuntime/7.39.0"
::1 - - [21/Jun/2024:06:54:59 +0000] "GET /testingapis/test HTTP/1.1" 500 33 "-" "PostmanRuntime/7.39.0"
::1 - - [21/Jun/2024:07:24:41 +0000] "GET /testingapis/EMR8865 HTTP/1.1" 500 33 "-" "PostmanRuntime/7.39.0"
::1 - - [21/Jun/2024:07:24:58 +0000] "GET /testingapis/EMR8865470340 HTTP/1.1" 500 33 "-" "PostmanRuntime/7.39.0"
::1 - - [21/Jun/2024:07:25:23 +0000] "GET /testingapis/8079390724849314 HTTP/1.1" 500 33 "-" "PostmanRuntime/7.39.0"
::1 - - [21/Jun/2024:07:25:43 +0000] "GET /testingapis/nikhil HTTP/1.1" 500 33 "-" "PostmanRuntime/7.39.0"
::1 - - [21/Jun/2024:07:32:17 +0000] "GET /testingapis/nikhil HTTP/1.1" 200 138 "-" "PostmanRuntime/7.39.0"
::1 - - [21/Jun/2024:09:20:29 +0000] "GET /testingapis/nikhil HTTP/1.1" 200 114 "-" "PostmanRuntime/7.39.0"
::1 - - [21/Jun/2024:09:20:39 +0000] "GET /testingapis/nikhil HTTP/1.1" 200 149 "-" "PostmanRuntime/7.39.0"
::1 - - [21/Jun/2024:09:21:40 +0000] "GET /testingapis/nikhil HTTP/1.1" 200 149 "-" "PostmanRuntime/7.39.0"
::1 - - [21/Jun/2024:09:22:50 +0000] "GET /testingapis/nikhil HTTP/1.1" 200 149 "-" "PostmanRuntime/7.39.0"
::1 - - [21/Jun/2024:09:23:36 +0000] "GET /testingapis/nikhil HTTP/1.1" 200 149 "-" "PostmanRuntime/7.39.0"
::1 - - [21/Jun/2024:09:24:05 +0000] "GET /testingapis/nikhil HTTP/1.1" 200 114 "-" "PostmanRuntime/7.39.0"
::1 - - [21/Jun/2024:09:24:13 +0000] "GET /testingapis/nikhil HTTP/1.1" 200 149 "-" "PostmanRuntime/7.39.0"
::1 - - [21/Jun/2024:09:29:49 +0000] "GET /getemrdetails HTTP/1.1" 200 742861 "-" "PostmanRuntime/7.39.0"
::1 - - [21/Jun/2024:09:33:53 +0000] "GET /getemrdetails HTTP/1.1" 200 6354 "-" "PostmanRuntime/7.39.0"
::1 - - [21/Jun/2024:09:38:56 +0000] "GET /getemrdetails HTTP/1.1" 200 3155 "-" "PostmanRuntime/7.39.0"
::1 - - [21/Jun/2024:09:39:52 +0000] "GET /getemrdetails HTTP/1.1" 200 3190 "-" "PostmanRuntime/7.39.0"
::1 - - [21/Jun/2024:09:52:39 +0000] "GET /getemrdetails HTTP/1.1" 200 3190 "-" "PostmanRuntime/7.39.0"
::1 - - [21/Jun/2024:09:53:11 +0000] "GET /getemrdetails HTTP/1.1" 200 82 "-" "PostmanRuntime/7.39.0"
::1 - - [21/Jun/2024:09:54:18 +0000] "GET /getemrdetails HTTP/1.1" 200 3229 "-" "PostmanRuntime/7.39.0"
::1 - - [21/Jun/2024:09:55:03 +0000] "GET /getemrdetails HTTP/1.1" 200 3229 "-" "PostmanRuntime/7.39.0"
::1 - - [21/Jun/2024:09:56:40 +0000] "GET /getemrdetails HTTP/1.1" 200 3250 "-" "PostmanRuntime/7.39.0"
::1 - - [21/Jun/2024:09:57:03 +0000] "GET /getemrdetails HTTP/1.1" 200 3234 "-" "PostmanRuntime/7.39.0"
::1 - - [21/Jun/2024:10:02:15 +0000] "GET /getemrdetails HTTP/1.1" 200 3232 "-" "PostmanRuntime/7.39.0"
::1 - - [21/Jun/2024:10:03:40 +0000] "GET /getemrdetails HTTP/1.1" 400 1313 "-" "PostmanRuntime/7.39.0"
::1 - - [21/Jun/2024:10:03:42 +0000] "GET /getemrdetails HTTP/1.1" 400 1313 "-" "PostmanRuntime/7.39.0"
::1 - - [21/Jun/2024:10:04:05 +0000] "GET /getemrdetails HTTP/1.1" 200 6352 "-" "PostmanRuntime/7.39.0"
::1 - - [21/Jun/2024:10:04:29 +0000] "GET /getemrdetails HTTP/1.1" 200 3196 "-" "PostmanRuntime/7.39.0"
::1 - - [21/Jun/2024:10:08:23 +0000] "GET /getemrdetails HTTP/1.1" 200 3198 "-" "PostmanRuntime/7.39.0"
::1 - - [21/Jun/2024:10:22:14 +0000] "GET /getemrdetails HTTP/1.1" 200 6354 "-" "PostmanRuntime/7.39.0"
::1 - - [21/Jun/2024:10:22:48 +0000] "GET /getemrdetails HTTP/1.1" 200 748 "-" "PostmanRuntime/7.39.0"
::1 - - [21/Jun/2024:10:23:31 +0000] "GET /getemrdetails HTTP/1.1" 200 707 "-" "PostmanRuntime/7.39.0"
::1 - - [21/Jun/2024:10:23:38 +0000] "GET /getemrdetails HTTP/1.1" 200 707 "-" "PostmanRuntime/7.39.0"
::1 - - [21/Jun/2024:10:23:45 +0000] "GET /getemrdetails HTTP/1.1" 200 707 "-" "PostmanRuntime/7.39.0"
::1 - - [21/Jun/2024:10:24:14 +0000] "GET /getemrdetails HTTP/1.1" 500 322 "-" "PostmanRuntime/7.39.0"
::1 - - [21/Jun/2024:10:24:57 +0000] "GET /getemrdetails HTTP/1.1" 200 6354 "-" "PostmanRuntime/7.39.0"
::1 - - [21/Jun/2024:10:25:36 +0000] "GET /getemrdetails HTTP/1.1" 200 3205 "-" "PostmanRuntime/7.39.0"
::1 - - [21/Jun/2024:10:45:54 +0000] "GET /testingapis/nikhil HTTP/1.1" 200 149 "-" "PostmanRuntime/7.39.0"
::1 - - [24/Jun/2024:04:36:05 +0000] "GET /employedetails HTTP/1.1" 200 2 "-" "PostmanRuntime/7.39.0"
::1 - - [24/Jun/2024:04:52:46 +0000] "POST /createemploye HTTP/1.1" - - "-" "PostmanRuntime/7.39.0"
::1 - - [24/Jun/2024:04:55:37 +0000] "POST /createemploye HTTP/1.1" - - "-" "PostmanRuntime/7.39.0"
::1 - - [24/Jun/2024:05:02:41 +0000] "POST /createemploye HTTP/1.1" 200 19 "-" "PostmanRuntime/7.39.0"
::1 - - [24/Jun/2024:05:06:30 +0000] "POST /createemploye HTTP/1.1" 200 19 "-" "PostmanRuntime/7.39.0"
::1 - - [24/Jun/2024:05:09:45 +0000] "POST /createemploye HTTP/1.1" - - "-" "PostmanRuntime/7.39.0"
::1 - - [24/Jun/2024:05:09:46 +0000] "POST /createemploye HTTP/1.1" 200 382 "-" "PostmanRuntime/7.39.0"
::1 - - [24/Jun/2024:05:18:06 +0000] "POST /createemploye HTTP/1.1" - - "-" "PostmanRuntime/7.39.0"
::1 - - [24/Jun/2024:05:19:23 +0000] "POST /createemploye HTTP/1.1" 200 19 "-" "PostmanRuntime/7.39.0"
::1 - - [24/Jun/2024:05:24:01 +0000] "POST /createemploye HTTP/1.1" 200 19 "-" "PostmanRuntime/7.39.0"
::1 - - [24/Jun/2024:05:24:07 +0000] "POST /createemploye HTTP/1.1" 200 178 "-" "PostmanRuntime/7.39.0"
::1 - - [24/Jun/2024:06:36:22 +0000] "GET /maxandminsalary HTTP/1.1" 200 546 "-" "PostmanRuntime/7.39.0"
::1 - - [25/Jun/2024:07:26:01 +0000] "GET /testingapis/nikhil HTTP/1.1" 500 33 "-" "PostmanRuntime/7.39.0"
::1 - - [25/Jun/2024:09:10:03 +0000] "GET /maxandminsalary HTTP/1.1" 200 546 "-" "PostmanRuntime/7.39.0"
::1 - - [25/Jun/2024:09:10:42 +0000] "GET /maxandminsalary HTTP/1.1" 200 546 "-" "PostmanRuntime/7.39.0"
::1 - - [25/Jun/2024:09:37:51 +0000] "POST /createemploye HTTP/1.1" 409 19 "-" "PostmanRuntime/7.39.0"
::1 - - [25/Jun/2024:09:38:08 +0000] "POST /createemploye HTTP/1.1" 200 178 "-" "PostmanRuntime/7.39.0"
::1 - - [25/Jun/2024:09:38:58 +0000] "POST /createemploye HTTP/1.1" 200 178 "-" "PostmanRuntime/7.39.0"
::1 - - [25/Jun/2024:09:40:04 +0000] "POST /createemploye HTTP/1.1" 409 19 "-" "PostmanRuntime/7.39.0"
::1 - - [25/Jun/2024:09:40:10 +0000] "POST /createemploye HTTP/1.1" 200 178 "-" "PostmanRuntime/7.39.0"
::1 - - [25/Jun/2024:09:41:16 +0000] "POST /createemploye HTTP/1.1" 200 178 "-" "PostmanRuntime/7.39.0"
::1 - - [25/Jun/2024:09:47:13 +0000] "POST /createemploye HTTP/1.1" 200 178 "-" "PostmanRuntime/7.39.0"
::1 - - [25/Jun/2024:09:48:28 +0000] "POST /createemploye HTTP/1.1" 200 178 "-" "PostmanRuntime/7.39.0"
::1 - - [25/Jun/2024:09:49:38 +0000] "GET /testingapis/nikhil HTTP/1.1" 500 33 "-" "PostmanRuntime/7.39.0"
::1 - - [25/Jun/2024:10:07:58 +0000] "GET /maxandminsalary HTTP/1.1" 200 7 "-" "PostmanRuntime/7.39.0"
::1 - - [25/Jun/2024:10:08:14 +0000] "GET /maxandminsalary HTTP/1.1" 200 7 "-" "PostmanRuntime/7.39.0"
::1 - - [25/Jun/2024:10:08:40 +0000] "GET /maxandminsalary HTTP/1.1" 200 51 "-" "PostmanRuntime/7.39.0"
::1 - - [25/Jun/2024:10:10:15 +0000] "GET /maxandminsalary HTTP/1.1" 200 93 "-" "PostmanRuntime/7.39.0"
::1 - - [25/Jun/2024:10:11:28 +0000] "GET /maxandminsalary HTTP/1.1" 200 93 "-" "PostmanRuntime/7.39.0"
::1 - - [25/Jun/2024:11:22:03 +0000] "GET /maxandminsalary HTTP/1.1" 200 93 "-" "PostmanRuntime/7.39.0"
::1 - - [25/Jun/2024:11:22:04 +0000] "GET /maxandminsalary HTTP/1.1" 200 93 "-" "PostmanRuntime/7.39.0"
::1 - - [25/Jun/2024:11:22:10 +0000] "GET /maxandminsalary HTTP/1.1" 200 93 "-" "PostmanRuntime/7.39.0"
::1 - - [25/Jun/2024:11:22:23 +0000] "GET /maxandminsalary HTTP/1.1" 200 93 "-" "PostmanRuntime/7.39.0"
::1 - - [25/Jun/2024:12:27:45 +0000] "GET /maxandminsalary HTTP/1.1" 200 93 "-" "PostmanRuntime/7.39.0"
::1 - - [26/Jun/2024:11:06:46 +0000] "GET /getemrdetails HTTP/1.1" 200 6354 "-" "PostmanRuntime/7.39.0"
::1 - - [26/Jun/2024:11:08:04 +0000] "GET /getemrdetails HTTP/1.1" 200 6354 "-" "PostmanRuntime/7.39.0"
::1 - - [26/Jun/2024:12:58:47 +0000] "GET /getfrontdeskdetails HTTP/1.1" 400 62 "-" "PostmanRuntime/7.39.0"
::1 - - [26/Jun/2024:13:08:35 +0000] "GET /getfrontdeskdetails HTTP/1.1" 400 62 "-" "PostmanRuntime/7.39.0"
::1 - - [28/Jun/2024:06:37:52 +0000] "GET /getfrontdeskdetails HTTP/1.1" 400 166 "-" "PostmanRuntime/7.39.0"
::1 - - [28/Jun/2024:07:05:19 +0000] "GET /getfrontdeskdetails HTTP/1.1" 400 163 "-" "PostmanRuntime/7.39.0"
::1 - - [28/Jun/2024:07:12:02 +0000] "GET /getfrontdeskdetails HTTP/1.1" 400 163 "-" "PostmanRuntime/7.39.0"
::1 - - [28/Jun/2024:07:12:15 +0000] "GET /getfrontdeskdetails HTTP/1.1" 400 163 "-" "PostmanRuntime/7.39.0"
::1 - - [28/Jun/2024:08:51:14 +0000] "GET /getfrontdeskdetails HTTP/1.1" 400 163 "-" "PostmanRuntime/7.39.0"
::1 - - [28/Jun/2024:08:55:59 +0000] "GET /getfrontdeskdetails HTTP/1.1" 400 163 "-" "PostmanRuntime/7.39.0"
::1 - - [28/Jun/2024:11:07:43 +0000] "GET /getfrontdeskdetails HTTP/1.1" 400 163 "-" "PostmanRuntime/7.39.0"
::1 - - [28/Jun/2024:11:08:04 +0000] "GET /getfrontdeskdetails HTTP/1.1" 400 163 "-" "PostmanRuntime/7.39.0"
::1 - - [28/Jun/2024:11:10:13 +0000] "GET /getfrontdeskdetails HTTP/1.1" 400 163 "-" "PostmanRuntime/7.39.0"
::1 - - [28/Jun/2024:11:10:58 +0000] "GET /getfrontdeskdetails HTTP/1.1" 400 163 "-" "PostmanRuntime/7.39.0"
::1 - - [28/Jun/2024:11:11:48 +0000] "GET /getfrontdeskdetails HTTP/1.1" 400 163 "-" "PostmanRuntime/7.39.0"
::1 - - [28/Jun/2024:11:13:04 +0000] "GET /getfrontdeskdetails HTTP/1.1" 400 163 "-" "PostmanRuntime/7.39.0"
::1 - - [28/Jun/2024:11:13:14 +0000] "GET /getfrontdeskdetails HTTP/1.1" 400 163 "-" "PostmanRuntime/7.39.0"
::1 - - [28/Jun/2024:11:19:21 +0000] "GET /getfrontdeskdetails HTTP/1.1" 400 101 "-" "PostmanRuntime/7.39.0"
::1 - - [28/Jun/2024:11:22:19 +0000] "GET /getfrontdeskdetails HTTP/1.1" 400 101 "-" "PostmanRuntime/7.39.0"
::1 - - [28/Jun/2024:11:22:28 +0000] "GET /getfrontdeskdetails HTTP/1.1" 400 163 "-" "PostmanRuntime/7.39.0"
::1 - - [28/Jun/2024:11:22:54 +0000] "GET /getfrontdeskdetails HTTP/1.1" 400 163 "-" "PostmanRuntime/7.39.0"
::1 - - [28/Jun/2024:11:23:34 +0000] "GET /getfrontdeskdetails HTTP/1.1" 400 163 "-" "PostmanRuntime/7.39.0"
::1 - - [28/Jun/2024:11:26:58 +0000] "GET /getfrontdeskdetails HTTP/1.1" 400 163 "-" "PostmanRuntime/7.39.0"
::1 - - [28/Jun/2024:11:27:45 +0000] "GET /getfrontdeskdetails HTTP/1.1" 400 163 "-" "PostmanRuntime/7.39.0"
::1 - - [28/Jun/2024:11:28:29 +0000] "GET /getfrontdeskdetails HTTP/1.1" 400 163 "-" "PostmanRuntime/7.39.0"
::1 - - [28/Jun/2024:11:34:17 +0000] "GET /getfrontdeskdetails HTTP/1.1" 400 163 "-" "PostmanRuntime/7.39.0"
::1 - - [28/Jun/2024:11:34:29 +0000] "GET /getfrontdeskdetails HTTP/1.1" 400 163 "-" "PostmanRuntime/7.39.0"
::1 - - [28/Jun/2024:11:37:13 +0000] "GET /getfrontdeskdetails HTTP/1.1" 400 163 "-" "PostmanRuntime/7.39.0"
::1 - - [28/Jun/2024:11:38:14 +0000] "GET /getfrontdeskdetails HTTP/1.1" 400 38 "-" "PostmanRuntime/7.39.0"
::1 - - [28/Jun/2024:11:41:08 +0000] "GET /getfrontdeskdetails HTTP/1.1" 400 38 "-" "PostmanRuntime/7.39.0"
::1 - - [28/Jun/2024:11:41:44 +0000] "GET /getfrontdeskdetails HTTP/1.1" 400 46 "-" "PostmanRuntime/7.39.0"
::1 - - [28/Jun/2024:12:09:17 +0000] "GET /getfrontdeskdetails HTTP/1.1" 400 46 "-" "PostmanRuntime/7.39.0"
::1 - - [28/Jun/2024:12:37:19 +0000] "GET /getfrontdeskdetails HTTP/1.1" 400 46 "-" "PostmanRuntime/7.39.0"
::1 - - [28/Jun/2024:12:37:46 +0000] "GET /getfrontdeskdetails HTTP/1.1" 400 46 "-" "PostmanRuntime/7.39.0"
::1 - - [28/Jun/2024:12:39:44 +0000] "GET /getfrontdeskdetails HTTP/1.1" 400 46 "-" "PostmanRuntime/7.39.0"
::1 - - [28/Jun/2024:12:40:21 +0000] "GET /getfrontdeskdetails HTTP/1.1" 400 46 "-" "PostmanRuntime/7.39.0"
::1 - - [28/Jun/2024:12:41:42 +0000] "GET /getfrontdeskdetails HTTP/1.1" 400 46 "-" "PostmanRuntime/7.39.0"
::1 - - [28/Jun/2024:12:42:19 +0000] "GET /getfrontdeskdetails HTTP/1.1" 400 46 "-" "PostmanRuntime/7.39.0"
::1 - - [28/Jun/2024:12:42:44 +0000] "GET /getfrontdeskdetails HTTP/1.1" 400 46 "-" "PostmanRuntime/7.39.0"
::1 - - [28/Jun/2024:12:44:05 +0000] "GET /getfrontdeskdetails HTTP/1.1" 400 46 "-" "PostmanRuntime/7.39.0"
::1 - - [28/Jun/2024:12:52:51 +0000] "GET /getfrontdeskdetails HTTP/1.1" 400 46 "-" "PostmanRuntime/7.39.0"
::1 - - [28/Jun/2024:12:53:24 +0000] "GET /getfrontdeskdetails HTTP/1.1" 400 46 "-" "PostmanRuntime/7.39.0"
::1 - - [28/Jun/2024:12:53:48 +0000] "GET /getfrontdeskdetails HTTP/1.1" 400 46 "-" "PostmanRuntime/7.39.0"
::1 - - [28/Jun/2024:13:16:01 +0000] "GET /getfrontdeskdetails HTTP/1.1" 400 60 "-" "PostmanRuntime/7.39.0"
::1 - - [28/Jun/2024:13:17:55 +0000] "GET /getfrontdeskdetails HTTP/1.1" 400 60 "-" "PostmanRuntime/7.39.0"
::1 - - [28/Jun/2024:13:19:24 +0000] "GET /getfrontdeskdetails HTTP/1.1" 400 60 "-" "PostmanRuntime/7.39.0"
::1 - - [28/Jun/2024:13:21:01 +0000] "GET /getfrontdeskdetails HTTP/1.1" 400 60 "-" "PostmanRuntime/7.39.0"
::1 - - [28/Jun/2024:13:21:36 +0000] "GET /getfrontdeskdetails HTTP/1.1" 400 60 "-" "PostmanRuntime/7.39.0"
::1 - - [28/Jun/2024:13:22:56 +0000] "GET /getfrontdeskdetails HTTP/1.1" 400 60 "-" "PostmanRuntime/7.39.0"
::1 - - [28/Jun/2024:13:23:53 +0000] "GET /getfrontdeskdetails HTTP/1.1" 400 60 "-" "PostmanRuntime/7.39.0"
::1 - - [28/Jun/2024:13:25:14 +0000] "GET /getfrontdeskdetails HTTP/1.1" 400 60 "-" "PostmanRuntime/7.39.0"
::1 - - [28/Jun/2024:13:26:01 +0000] "GET /getfrontdeskdetails HTTP/1.1" 400 60 "-" "PostmanRuntime/7.39.0"
::1 - - [28/Jun/2024:13:28:00 +0000] "GET /getfrontdeskdetails HTTP/1.1" 400 60 "-" "PostmanRuntime/7.39.0"
::1 - - [28/Jun/2024:13:28:36 +0000] "GET /getfrontdeskdetails HTTP/1.1" 400 60 "-" "PostmanRuntime/7.39.0"
::1 - - [28/Jun/2024:13:29:17 +0000] "GET /getfrontdeskdetails HTTP/1.1" 400 60 "-" "PostmanRuntime/7.39.0"
::1 - - [28/Jun/2024:13:29:49 +0000] "GET /getfrontdeskdetails HTTP/1.1" 400 60 "-" "PostmanRuntime/7.39.0"
::1 - - [28/Jun/2024:13:30:51 +0000] "GET /getfrontdeskdetails HTTP/1.1" 400 60 "-" "PostmanRuntime/7.39.0"
::1 - - [28/Jun/2024:13:35:45 +0000] "GET /getfrontdeskdetails HTTP/1.1" 400 60 "-" "PostmanRuntime/7.39.0"
::1 - - [28/Jun/2024:13:36:38 +0000] "GET /getfrontdeskdetails HTTP/1.1" 400 60 "-" "PostmanRuntime/7.39.0"
::1 - - [28/Jun/2024:13:38:03 +0000] "GET /getfrontdeskdetails HTTP/1.1" 400 60 "-" "PostmanRuntime/7.39.0"
::1 - - [28/Jun/2024:13:40:45 +0000] "GET /getfrontdeskdetails HTTP/1.1" 400 60 "-" "PostmanRuntime/7.39.0"
::1 - - [28/Jun/2024:13:41:55 +0000] "GET /getfrontdeskdetails HTTP/1.1" 400 60 "-" "PostmanRuntime/7.39.0"
::1 - - [28/Jun/2024:13:43:32 +0000] "GET /getfrontdeskdetails HTTP/1.1" 400 60 "-" "PostmanRuntime/7.39.0"
::1 - - [28/Jun/2024:14:12:17 +0000] "GET /getfrontdeskdetails HTTP/1.1" 400 60 "-" "PostmanRuntime/7.39.0"
::1 - - [28/Jun/2024:14:14:48 +0000] "GET /getfrontdeskdetails HTTP/1.1" 400 60 "-" "PostmanRuntime/7.39.0"
::1 - - [28/Jun/2024:14:15:45 +0000] "GET /getfrontdeskdetails HTTP/1.1" 400 60 "-" "PostmanRuntime/7.39.0"
::1 - - [28/Jun/2024:14:16:38 +0000] "GET /getfrontdeskdetails HTTP/1.1" 400 60 "-" "PostmanRuntime/7.39.0"
::1 - - [29/Jun/2024:04:24:05 +0000] "GET /getfrontdeskdetails HTTP/1.1" 400 60 "-" "PostmanRuntime/7.39.0"
::1 - - [29/Jun/2024:04:26:13 +0000] "GET /getfrontdeskdetails HTTP/1.1" 400 163 "-" "PostmanRuntime/7.39.0"
::1 - - [29/Jun/2024:04:27:43 +0000] "GET /getfrontdeskdetails HTTP/1.1" 400 163 "-" "PostmanRuntime/7.39.0"
::1 - - [29/Jun/2024:04:30:15 +0000] "GET /getfrontdeskdetails HTTP/1.1" 400 188 "-" "PostmanRuntime/7.39.0"
::1 - - [29/Jun/2024:04:31:37 +0000] "GET /getfrontdeskdetails HTTP/1.1" 400 200 "-" "PostmanRuntime/7.39.0"
::1 - - [29/Jun/2024:04:33:46 +0000] "GET /getfrontdeskdetails HTTP/1.1" 400 163 "-" "PostmanRuntime/7.39.0"
::1 - - [29/Jun/2024:04:34:40 +0000] "GET /getfrontdeskdetails HTTP/1.1" 400 163 "-" "PostmanRuntime/7.39.0"
::1 - - [29/Jun/2024:04:34:59 +0000] "GET /getfrontdeskdetails HTTP/1.1" 400 163 "-" "PostmanRuntime/7.39.0"
::1 - - [29/Jun/2024:04:35:27 +0000] "GET /getfrontdeskdetails HTTP/1.1" 400 163 "-" "PostmanRuntime/7.39.0"
::1 - - [29/Jun/2024:04:52:23 +0000] "GET /getfrontdeskdetails HTTP/1.1" 400 163 "-" "PostmanRuntime/7.39.0"
::1 - - [29/Jun/2024:05:02:10 +0000] "GET /getemrdetails HTTP/1.1" 200 6354 "-" "PostmanRuntime/7.39.0"
::1 - - [29/Jun/2024:05:08:41 +0000] "GET /getfrontdeskdetails HTTP/1.1" 400 39 "-" "PostmanRuntime/7.39.0"
::1 - - [29/Jun/2024:05:12:10 +0000] "GET /getfrontdeskdetails HTTP/1.1" 400 39 "-" "PostmanRuntime/7.39.0"
::1 - - [29/Jun/2024:05:12:12 +0000] "GET /getfrontdeskdetails HTTP/1.1" 400 39 "-" "PostmanRuntime/7.39.0"
::1 - - [29/Jun/2024:05:13:02 +0000] "GET /getfrontdeskdetails HTTP/1.1" 400 39 "-" "PostmanRuntime/7.39.0"
::1 - - [29/Jun/2024:05:13:03 +0000] "GET /getfrontdeskdetails HTTP/1.1" 400 39 "-" "PostmanRuntime/7.39.0"
::1 - - [29/Jun/2024:05:16:11 +0000] "GET /getfrontdeskdetails HTTP/1.1" 400 49 "-" "PostmanRuntime/7.39.0"
::1 - - [29/Jun/2024:05:16:26 +0000] "GET /getfrontdeskdetails HTTP/1.1" 400 60 "-" "PostmanRuntime/7.39.0"
::1 - - [29/Jun/2024:05:20:13 +0000] "GET /getfrontdeskdetails HTTP/1.1" 400 60 "-" "PostmanRuntime/7.39.0"
::1 - - [29/Jun/2024:05:20:46 +0000] "GET /getfrontdeskdetails HTTP/1.1" 400 60 "-" "PostmanRuntime/7.39.0"
::1 - - [29/Jun/2024:05:21:16 +0000] "GET /getfrontdeskdetails HTTP/1.1" 400 56 "-" "PostmanRuntime/7.39.0"
::1 - - [29/Jun/2024:05:21:19 +0000] "GET /getfrontdeskdetails HTTP/1.1" 400 56 "-" "PostmanRuntime/7.39.0"
::1 - - [29/Jun/2024:05:21:32 +0000] "GET /getfrontdeskdetails HTTP/1.1" 400 60 "-" "PostmanRuntime/7.39.0"
::1 - - [29/Jun/2024:05:31:09 +0000] "GET /getfrontdeskdetails HTTP/1.1" 400 60 "-" "PostmanRuntime/7.39.0"
::1 - - [29/Jun/2024:05:33:25 +0000] "GET /getfrontdeskdetails HTTP/1.1" 400 60 "-" "PostmanRuntime/7.39.0"
::1 - - [29/Jun/2024:05:38:08 +0000] "GET /getfrontdeskdetails HTTP/1.1" 400 60 "-" "PostmanRuntime/7.39.0"
::1 - - [29/Jun/2024:05:42:04 +0000] "GET /getfrontdeskdetails HTTP/1.1" 400 60 "-" "PostmanRuntime/7.39.0"
::1 - - [29/Jun/2024:05:42:53 +0000] "GET /getfrontdeskdetails HTTP/1.1" 400 60 "-" "PostmanRuntime/7.39.0"
::1 - - [29/Jun/2024:05:43:51 +0000] "GET /getfrontdeskdetails HTTP/1.1" 400 60 "-" "PostmanRuntime/7.39.0"
::1 - - [29/Jun/2024:05:46:22 +0000] "GET /getfrontdeskdetails HTTP/1.1" 400 60 "-" "PostmanRuntime/7.39.0"
::1 - - [29/Jun/2024:05:58:37 +0000] "GET /getfrontdeskdetails HTTP/1.1" 400 60 "-" "PostmanRuntime/7.39.0"
::1 - - [29/Jun/2024:06:02:46 +0000] "GET /getfrontdeskdetails HTTP/1.1" 400 60 "-" "PostmanRuntime/7.39.0"
::1 - - [29/Jun/2024:06:04:52 +0000] "GET /getfrontdeskdetails HTTP/1.1" 400 60 "-" "PostmanRuntime/7.39.0"
::1 - - [29/Jun/2024:06:04:54 +0000] "GET /getfrontdeskdetails HTTP/1.1" 400 60 "-" "PostmanRuntime/7.39.0"
::1 - - [29/Jun/2024:06:06:33 +0000] "GET /getfrontdeskdetails HTTP/1.1" 400 60 "-" "PostmanRuntime/7.39.0"
::1 - - [29/Jun/2024:06:07:29 +0000] "GET /getfrontdeskdetails HTTP/1.1" 400 60 "-" "PostmanRuntime/7.39.0"
::1 - - [29/Jun/2024:06:10:07 +0000] "GET /getfrontdeskdetails HTTP/1.1" 400 60 "-" "PostmanRuntime/7.39.0"
::1 - - [29/Jun/2024:06:11:32 +0000] "GET /getfrontdeskdetails HTTP/1.1" 400 60 "-" "PostmanRuntime/7.39.0"
::1 - - [29/Jun/2024:06:11:45 +0000] "GET /getfrontdeskdetails HTTP/1.1" 400 60 "-" "PostmanRuntime/7.39.0"
::1 - - [29/Jun/2024:06:15:10 +0000] "GET /getfrontdeskdetails HTTP/1.1" 400 60 "-" "PostmanRuntime/7.39.0"
::1 - - [29/Jun/2024:06:15:37 +0000] "GET /getfrontdeskdetails HTTP/1.1" 400 60 "-" "PostmanRuntime/7.39.0"
::1 - - [29/Jun/2024:06:17:02 +0000] "GET /getfrontdeskdetails HTTP/1.1" 400 60 "-" "PostmanRuntime/7.39.0"
::1 - - [29/Jun/2024:06:18:18 +0000] "GET /getfrontdeskdetails HTTP/1.1" 400 37 "-" "PostmanRuntime/7.39.0"
::1 - - [29/Jun/2024:06:19:10 +0000] "GET /getfrontdeskdetails HTTP/1.1" 400 60 "-" "PostmanRuntime/7.39.0"
::1 - - [29/Jun/2024:06:21:42 +0000] "GET /getfrontdeskdetails HTTP/1.1" 400 60 "-" "PostmanRuntime/7.39.0"
::1 - - [29/Jun/2024:06:40:00 +0000] "GET /getfrontdeskdetails HTTP/1.1" 400 31 "-" "PostmanRuntime/7.39.0"
::1 - - [29/Jun/2024:06:41:57 +0000] "GET /getfrontdeskdetails HTTP/1.1" 400 61 "-" "PostmanRuntime/7.39.0"
::1 - - [29/Jun/2024:07:19:19 +0000] "GET /getfrontdeskdetails HTTP/1.1" 400 61 "-" "PostmanRuntime/7.39.0"
::1 - - [29/Jun/2024:07:20:28 +0000] "GET /getfrontdeskdetails HTTP/1.1" 400 61 "-" "PostmanRuntime/7.39.0"
::1 - - [29/Jun/2024:07:23:54 +0000] "GET /getfrontdeskdetails HTTP/1.1" 400 61 "-" "PostmanRuntime/7.39.0"
::1 - - [29/Jun/2024:07:29:48 +0000] "GET /getfrontdeskdetails HTTP/1.1" 400 61 "-" "PostmanRuntime/7.39.0"
::1 - - [29/Jun/2024:07:30:11 +0000] "GET /getfrontdeskdetails HTTP/1.1" 400 61 "-" "PostmanRuntime/7.39.0"
::1 - - [29/Jun/2024:07:33:12 +0000] "GET /getfrontdeskdetails HTTP/1.1" 400 61 "-" "PostmanRuntime/7.39.0"
::1 - - [29/Jun/2024:07:33:35 +0000] "GET /getfrontdeskdetails HTTP/1.1" 400 61 "-" "PostmanRuntime/7.39.0"
::1 - - [29/Jun/2024:09:47:31 +0000] "GET /getfrontdeskdetails HTTP/1.1" 400 61 "-" "PostmanRuntime/7.39.0"
::1 - - [29/Jun/2024:10:01:37 +0000] "GET /getfrontdeskdetails HTTP/1.1" 400 61 "-" "PostmanRuntime/7.39.0"
::1 - - [29/Jun/2024:10:06:46 +0000] "GET /getfrontdeskdetails HTTP/1.1" 400 61 "-" "PostmanRuntime/7.39.0"
::1 - - [29/Jun/2024:10:14:18 +0000] "GET /getfrontdeskdetails HTTP/1.1" 400 61 "-" "PostmanRuntime/7.39.0"
::1 - - [29/Jun/2024:10:14:34 +0000] "GET /getfrontdeskdetails HTTP/1.1" 400 61 "-" "PostmanRuntime/7.39.0"
::1 - - [29/Jun/2024:10:24:42 +0000] "GET /getfrontdeskdetails HTTP/1.1" 400 61 "-" "PostmanRuntime/7.39.0"
::1 - - [29/Jun/2024:10:25:08 +0000] "GET /getfrontdeskdetails HTTP/1.1" 400 61 "-" "PostmanRuntime/7.39.0"
::1 - - [29/Jun/2024:10:27:24 +0000] "GET /getfrontdeskdetails HTTP/1.1" 400 60 "-" "PostmanRuntime/7.39.0"
::1 - - [29/Jun/2024:10:28:22 +0000] "GET /getfrontdeskdetails HTTP/1.1" 400 243 "-" "PostmanRuntime/7.39.0"
::1 - - [29/Jun/2024:11:17:12 +0000] "GET /getfrontdeskdetails HTTP/1.1" 400 83 "-" "PostmanRuntime/7.39.0"
::1 - - [29/Jun/2024:11:19:23 +0000] "GET /getfrontdeskdetails HTTP/1.1" 400 83 "-" "PostmanRuntime/7.39.0"
::1 - - [29/Jun/2024:11:23:48 +0000] "GET /getfrontdeskdetails HTTP/1.1" 400 83 "-" "PostmanRuntime/7.39.0"
::1 - - [29/Jun/2024:11:49:14 +0000] "GET /getfrontdeskdetails HTTP/1.1" 400 83 "-" "PostmanRuntime/7.39.0"
::1 - - [29/Jun/2024:11:52:11 +0000] "GET /getfrontdeskdetails HTTP/1.1" 400 83 "-" "PostmanRuntime/7.39.0"
::1 - - [29/Jun/2024:12:12:22 +0000] "GET /getfrontdeskdetails HTTP/1.1" 400 83 "-" "PostmanRuntime/7.39.0"
::1 - - [29/Jun/2024:12:21:07 +0000] "GET /getfrontdeskdetails HTTP/1.1" 400 83 "-" "PostmanRuntime/7.39.0"
::1 - - [29/Jun/2024:13:22:59 +0000] "GET /getfrontdeskdetails HTTP/1.1" 400 83 "-" "PostmanRuntime/7.39.0"
::1 - - [01/Jul/2024:04:50:11 +0000] "GET /getfrontdeskdetails HTTP/1.1" 400 83 "-" "PostmanRuntime/7.39.0"
::1 - - [01/Jul/2024:04:56:39 +0000] "GET /getfrontdeskdetails HTTP/1.1" 400 83 "-" "PostmanRuntime/7.39.0"
::1 - - [01/Jul/2024:04:57:32 +0000] "GET /getfrontdeskdetails HTTP/1.1" 400 83 "-" "PostmanRuntime/7.39.0"
::1 - - [01/Jul/2024:04:57:51 +0000] "GET /getfrontdeskdetails HTTP/1.1" 400 83 "-" "PostmanRuntime/7.39.0"
::1 - - [01/Jul/2024:04:58:31 +0000] "GET /getfrontdeskdetails HTTP/1.1" 400 83 "-" "PostmanRuntime/7.39.0"
::1 - - [01/Jul/2024:05:22:15 +0000] "GET /getfrontdeskdetails HTTP/1.1" 400 83 "-" "PostmanRuntime/7.39.0"
::1 - - [01/Jul/2024:05:48:05 +0000] "GET /getfrontdeskdetails HTTP/1.1" 400 83 "-" "PostmanRuntime/7.39.0"
::1 - - [01/Jul/2024:06:46:46 +0000] "GET /getfrontdeskdetails HTTP/1.1" 400 77 "-" "PostmanRuntime/7.39.0"
::1 - - [01/Jul/2024:06:50:47 +0000] "GET /getfrontdeskdetails HTTP/1.1" 400 78 "-" "PostmanRuntime/7.39.0"
::1 - - [01/Jul/2024:06:52:14 +0000] "GET /getfrontdeskdetails HTTP/1.1" 400 60 "-" "PostmanRuntime/7.39.0"
::1 - - [01/Jul/2024:07:08:24 +0000] "GET /getfrontdeskdetails HTTP/1.1" 400 60 "-" "PostmanRuntime/7.39.0"
::1 - - [01/Jul/2024:09:52:10 +0000] "GET /getfrontdeskdetails HTTP/1.1" 400 60 "-" "PostmanRuntime/7.39.0"
::1 - - [01/Jul/2024:09:53:07 +0000] "GET /getfrontdeskdetails HTTP/1.1" 400 60 "-" "PostmanRuntime/7.39.0"
::1 - - [01/Jul/2024:09:53:33 +0000] "GET /getfrontdeskdetails HTTP/1.1" 400 60 "-" "PostmanRuntime/7.39.0"
::1 - - [01/Jul/2024:09:54:25 +0000] "GET /getfrontdeskdetails HTTP/1.1" 200 120621 "-" "PostmanRuntime/7.39.0"
::1 - - [01/Jul/2024:09:57:09 +0000] "GET /getfrontdeskdetails HTTP/1.1" 200 112320 "-" "PostmanRuntime/7.39.0"
::1 - - [01/Jul/2024:10:04:15 +0000] "GET /getfrontdeskdetails HTTP/1.1" 200 110540 "-" "PostmanRuntime/7.39.0"
::1 - - [01/Jul/2024:10:06:30 +0000] "GET /getfrontdeskdetails HTTP/1.1" 200 110540 "-" "PostmanRuntime/7.39.0"
::1 - - [01/Jul/2024:10:09:08 +0000] "GET /getfrontdeskdetails HTTP/1.1" 200 118841 "-" "PostmanRuntime/7.39.0"
::1 - - [01/Jul/2024:10:10:26 +0000] "GET /getfrontdeskdetails HTTP/1.1" 200 110559 "-" "PostmanRuntime/7.39.0"
::1 - - [01/Jul/2024:10:12:09 +0000] "GET /getfrontdeskdetails HTTP/1.1" 200 110559 "-" "PostmanRuntime/7.39.0"
::1 - - [01/Jul/2024:10:13:43 +0000] "GET /getfrontdeskdetails HTTP/1.1" 200 110545 "-" "PostmanRuntime/7.39.0"
::1 - - [01/Jul/2024:10:17:47 +0000] "GET /getfrontdeskdetails HTTP/1.1" 200 112325 "-" "PostmanRuntime/7.39.0"
::1 - - [01/Jul/2024:10:19:33 +0000] "GET /getfrontdeskdetails HTTP/1.1" 200 112325 "-" "PostmanRuntime/7.39.0"
::1 - - [01/Jul/2024:10:23:11 +0000] "GET /getfrontdeskdetails HTTP/1.1" 200 112325 "-" "PostmanRuntime/7.39.0"
::1 - - [01/Jul/2024:10:24:44 +0000] "GET /getfrontdeskdetails HTTP/1.1" 200 112325 "-" "PostmanRuntime/7.39.0"
::1 - - [01/Jul/2024:10:25:52 +0000] "GET /getfrontdeskdetails HTTP/1.1" 200 110667 "-" "PostmanRuntime/7.39.0"
::1 - - [01/Jul/2024:10:30:00 +0000] "GET /getfrontdeskdetails HTTP/1.1" 200 112325 "-" "PostmanRuntime/7.39.0"
::1 - - [01/Jul/2024:13:26:12 +0000] "GET /getfrontdeskdetails HTTP/1.1" 200 112325 "-" "PostmanRuntime/7.39.0"
::1 - - [01/Jul/2024:14:01:56 +0000] "GET /getfrontdeskdetails HTTP/1.1" 200 112992 "-" "PostmanRuntime/7.39.0"
::1 - - [01/Jul/2024:14:17:46 +0000] "GET /getfrontdeskdetails HTTP/1.1" 200 112380 "-" "PostmanRuntime/7.39.0"
::1 - - [02/Jul/2024:04:31:02 +0000] "GET /getfrontdeskdetails HTTP/1.1" - - "-" "PostmanRuntime/7.39.0"
::1 - - [02/Jul/2024:04:33:12 +0000] "GET /getfrontdeskdetails HTTP/1.1" 200 13024 "-" "PostmanRuntime/7.39.0"
::1 - - [02/Jul/2024:04:33:59 +0000] "GET /getfrontdeskdetails HTTP/1.1" 200 13024 "-" "PostmanRuntime/7.39.0"
::1 - - [02/Jul/2024:04:53:11 +0000] "GET /getfrontdeskdetails HTTP/1.1" 200 112380 "-" "PostmanRuntime/7.39.0"
::1 - - [02/Jul/2024:04:56:03 +0000] "GET /getfrontdeskdetails HTTP/1.1" 200 112380 "-" "PostmanRuntime/7.39.0"
::1 - - [02/Jul/2024:04:57:31 +0000] "GET /getfrontdeskdetails HTTP/1.1" 200 112380 "-" "PostmanRuntime/7.39.0"
::1 - - [02/Jul/2024:05:01:30 +0000] "GET /getfrontdeskdetails HTTP/1.1" 200 13024 "-" "PostmanRuntime/7.39.0"
::1 - - [02/Jul/2024:05:04:40 +0000] "GET /getfrontdeskdetails HTTP/1.1" 200 112380 "-" "PostmanRuntime/7.39.0"
::1 - - [02/Jul/2024:05:08:54 +0000] "GET /getfrontdeskdetails HTTP/1.1" 200 112380 "-" "PostmanRuntime/7.39.0"
::1 - - [02/Jul/2024:05:10:08 +0000] "GET /getemrdetails HTTP/1.1" 200 6354 "-" "PostmanRuntime/7.39.0"
::1 - - [02/Jul/2024:05:16:18 +0000] "GET /getfrontdeskdetails HTTP/1.1" 200 112380 "-" "PostmanRuntime/7.39.0"
::1 - - [02/Jul/2024:05:18:32 +0000] "GET /getfrontdeskdetails HTTP/1.1" 200 112380 "-" "PostmanRuntime/7.39.0"
::1 - - [02/Jul/2024:05:27:08 +0000] "GET /getfrontdeskdetails HTTP/1.1" 200 13024 "-" "PostmanRuntime/7.39.0"
::1 - - [02/Jul/2024:05:29:38 +0000] "GET /getfrontdeskdetails HTTP/1.1" 200 13023 "-" "PostmanRuntime/7.39.0"
::1 - - [02/Jul/2024:05:30:37 +0000] "GET /getfrontdeskdetails HTTP/1.1" 200 13021 "-" "PostmanRuntime/7.39.0"
::1 - - [02/Jul/2024:05:31:17 +0000] "GET /getfrontdeskdetails HTTP/1.1" 200 12470 "-" "PostmanRuntime/7.39.0"
::1 - - [02/Jul/2024:05:32:04 +0000] "GET /getfrontdeskdetails HTTP/1.1" 200 11115 "-" "PostmanRuntime/7.39.0"
::1 - - [02/Jul/2024:05:33:55 +0000] "GET /getfrontdeskdetails HTTP/1.1" 200 12802 "-" "PostmanRuntime/7.39.0"
::1 - - [02/Jul/2024:05:34:24 +0000] "GET /getfrontdeskdetails HTTP/1.1" 200 13588 "-" "PostmanRuntime/7.39.0"
::1 - - [02/Jul/2024:05:40:14 +0000] "GET /getfrontdeskdetails HTTP/1.1" 200 13588 "-" "PostmanRuntime/7.39.0"
::1 - - [02/Jul/2024:05:41:26 +0000] "GET /getfrontdeskdetails HTTP/1.1" 200 13588 "-" "PostmanRuntime/7.39.0"
::1 - - [02/Jul/2024:05:55:27 +0000] "GET /getfrontdeskdetails HTTP/1.1" 200 460 "-" "PostmanRuntime/7.39.0"
::1 - - [02/Jul/2024:06:02:44 +0000] "GET /getfrontdeskdetails HTTP/1.1" 200 13395 "-" "PostmanRuntime/7.39.0"
::1 - - [02/Jul/2024:06:03:40 +0000] "GET /getfrontdeskdetails HTTP/1.1" 200 13395 "-" "PostmanRuntime/7.39.0"
::1 - - [02/Jul/2024:06:05:00 +0000] "GET /getfrontdeskdetails HTTP/1.1" 200 13588 "-" "PostmanRuntime/7.39.0"
::1 - - [02/Jul/2024:06:05:58 +0000] "GET /getfrontdeskdetails HTTP/1.1" 200 13588 "-" "PostmanRuntime/7.39.0"
::1 - - [02/Jul/2024:06:06:13 +0000] "GET /getfrontdeskdetails HTTP/1.1" 400 1233 "-" "PostmanRuntime/7.39.0"
::1 - - [02/Jul/2024:06:06:43 +0000] "GET /getfrontdeskdetails HTTP/1.1" 400 1233 "-" "PostmanRuntime/7.39.0"
::1 - - [02/Jul/2024:06:07:44 +0000] "GET /getfrontdeskdetails HTTP/1.1" 400 1233 "-" "PostmanRuntime/7.39.0"
::1 - - [02/Jul/2024:06:09:15 +0000] "GET /getfrontdeskdetails HTTP/1.1" 400 1233 "-" "PostmanRuntime/7.39.0"
::1 - - [02/Jul/2024:06:09:39 +0000] "GET /getfrontdeskdetails HTTP/1.1" 400 1233 "-" "PostmanRuntime/7.39.0"
::1 - - [02/Jul/2024:06:14:31 +0000] "GET /getfrontdeskdetails HTTP/1.1" 400 1233 "-" "PostmanRuntime/7.39.0"
::1 - - [02/Jul/2024:06:14:32 +0000] "GET /getfrontdeskdetails HTTP/1.1" 400 1233 "-" "PostmanRuntime/7.39.0"
::1 - - [02/Jul/2024:06:15:14 +0000] "GET /getfrontdeskdetails HTTP/1.1" 400 1233 "-" "PostmanRuntime/7.39.0"
::1 - - [02/Jul/2024:06:16:36 +0000] "GET /getfrontdeskdetails HTTP/1.1" 400 1233 "-" "PostmanRuntime/7.39.0"
::1 - - [02/Jul/2024:06:17:48 +0000] "GET /getemrdetails HTTP/1.1" 200 6354 "-" "PostmanRuntime/7.39.0"
::1 - - [02/Jul/2024:06:17:56 +0000] "GET /getfrontdeskdetails HTTP/1.1" 400 1233 "-" "PostmanRuntime/7.39.0"
::1 - - [02/Jul/2024:06:17:57 +0000] "GET /getfrontdeskdetails HTTP/1.1" 400 1233 "-" "PostmanRuntime/7.39.0"
::1 - - [02/Jul/2024:06:18:09 +0000] "GET /getfrontdeskdetails HTTP/1.1" 200 13588 "-" "PostmanRuntime/7.39.0"
::1 - - [02/Jul/2024:06:18:27 +0000] "GET /getfrontdeskdetails HTTP/1.1" 200 13395 "-" "PostmanRuntime/7.39.0"
::1 - - [02/Jul/2024:06:22:19 +0000] "GET /getfrontdeskdetails HTTP/1.1" 200 13395 "-" "PostmanRuntime/7.39.0"
::1 - - [02/Jul/2024:06:23:19 +0000] "GET /getfrontdeskdetails HTTP/1.1" 200 13395 "-" "PostmanRuntime/7.39.0"
::1 - - [02/Jul/2024:06:24:17 +0000] "GET /getfrontdeskdetails HTTP/1.1" 200 13395 "-" "PostmanRuntime/7.39.0"
::1 - - [02/Jul/2024:06:25:02 +0000] "GET /getfrontdeskdetails HTTP/1.1" 200 13588 "-" "PostmanRuntime/7.39.0"
::1 - - [02/Jul/2024:06:36:19 +0000] "GET /getfrontdeskdetails HTTP/1.1" 200 13588 "-" "PostmanRuntime/7.39.0"
::1 - - [02/Jul/2024:06:36:37 +0000] "GET /getfrontdeskdetails HTTP/1.1" 200 12795 "-" "PostmanRuntime/7.39.0"
::1 - - [02/Jul/2024:06:36:58 +0000] "GET /getfrontdeskdetails HTTP/1.1" 200 13588 "-" "PostmanRuntime/7.39.0"
::1 - - [02/Jul/2024:06:37:18 +0000] "GET /getfrontdeskdetails HTTP/1.1" 200 12795 "-" "PostmanRuntime/7.39.0"
::1 - - [02/Jul/2024:06:37:43 +0000] "GET /getfrontdeskdetails HTTP/1.1" 200 12254 "-" "PostmanRuntime/7.39.0"
::1 - - [02/Jul/2024:06:38:02 +0000] "GET /getfrontdeskdetails HTTP/1.1" 200 11776 "-" "PostmanRuntime/7.39.0"
::1 - - [02/Jul/2024:06:38:27 +0000] "GET /getfrontdeskdetails HTTP/1.1" 200 6465 "-" "PostmanRuntime/7.39.0"
::1 - - [02/Jul/2024:06:38:50 +0000] "GET /getfrontdeskdetails HTTP/1.1" 200 6173 "-" "PostmanRuntime/7.39.0"
::1 - - [02/Jul/2024:06:39:03 +0000] "GET /getfrontdeskdetails HTTP/1.1" 200 6436 "-" "PostmanRuntime/7.39.0"
::1 - - [02/Jul/2024:06:45:22 +0000] "GET /getfrontdeskdetails HTTP/1.1" 200 1336 "-" "PostmanRuntime/7.39.0"
::1 - - [02/Jul/2024:06:45:36 +0000] "GET /getfrontdeskdetails HTTP/1.1" 200 6436 "-" "PostmanRuntime/7.39.0"
::1 - - [02/Jul/2024:06:47:11 +0000] "GET /getfrontdeskdetails HTTP/1.1" 200 6436 "-" "PostmanRuntime/7.39.0"
::1 - - [02/Jul/2024:06:48:01 +0000] "GET /patient/patient_160481502020190902061359.jpeg HTTP/1.1" 404 33 "-" "Mozilla/5.0 (Windows NT 10.0; Win64; x64) AppleWebKit/537.36 (KHTML, like Gecko) Chrome/126.0.0.0 Safari/537.36"
::1 - - [02/Jul/2024:06:48:01 +0000] "GET /favicon.ico HTTP/1.1" 404 33 "http://localhost:8080/patient/patient_160481502020190902061359.jpeg" "Mozilla/5.0 (Windows NT 10.0; Win64; x64) AppleWebKit/537.36 (KHTML, like Gecko) Chrome/126.0.0.0 Safari/537.36"
::1 - - [02/Jul/2024:06:48:06 +0000] "GET /patient/patient_160481502020190902061359.jpeg HTTP/1.1" 404 33 "-" "Mozilla/5.0 (Windows NT 10.0; Win64; x64) AppleWebKit/537.36 (KHTML, like Gecko) Chrome/126.0.0.0 Safari/537.36"
::1 - - [02/Jul/2024:09:41:21 +0000] "GET /getfrontdeskdetails HTTP/1.1" 200 6436 "-" "PostmanRuntime/7.39.0"
::1 - - [02/Jul/2024:09:41:33 +0000] "GET /getfrontdeskdetails HTTP/1.1" 200 13588 "-" "PostmanRuntime/7.39.0"
::1 - - [02/Jul/2024:09:42:44 +0000] "GET /getfrontdeskdetails HTTP/1.1" 200 13588 "-" "PostmanRuntime/7.39.0"
::1 - - [02/Jul/2024:11:23:33 +0000] "GET /getfrontdeskdetails HTTP/1.1" 200 13588 "-" "PostmanRuntime/7.39.0"
::1 - - [02/Jul/2024:12:51:20 +0000] "POST /loginuser HTTP/1.1" 400 16 "-" "PostmanRuntime/7.39.0"
::1 - - [02/Jul/2024:12:51:26 +0000] "POST /loginuser HTTP/1.1" 400 16 "-" "PostmanRuntime/7.39.0"
::1 - - [02/Jul/2024:12:51:58 +0000] "POST /loginuser HTTP/1.1" 500 21 "-" "PostmanRuntime/7.39.0"
::1 - - [03/Jul/2024:13:58:19 +0000] "GET /getfrontdeskdetails HTTP/1.1" 200 13588 "-" "PostmanRuntime/7.39.0"
::1 - - [10/Jul/2024:06:00:51 +0000] "POST /checklogin HTTP/1.1" 404 33 "-" "PostmanRuntime/7.40.0"
::1 - - [10/Jul/2024:06:01:26 +0000] "POST /checklogin HTTP/1.1" - - "-" "PostmanRuntime/7.40.0"
::1 - - [10/Jul/2024:06:26:01 +0000] "POST /checklogin HTTP/1.1" - - "-" "PostmanRuntime/7.40.0"
